<?xml version="1.0" encoding="UTF-8"?>
<!-- Generated by org.testng.reporters.JUnitXMLReporter -->
<testsuite ignored="3" hostname="kuljeet-pc" failures="0" tests="1" name="Default test" time="108.085" errors="0" timestamp="2023-09-23T09:35:25 EDT">
  <testcase classname="testlayer.ShoppingCartTest" name="addDifferentItems" time="96.148"/>
  <testcase classname="testlayer.ShoppingCartTest" name="addOneItemInCart" time="0.0">
    <ignored/>
  </testcase> <!-- addOneItemInCart -->
  <testcase classname="testlayer.ShoppingCartTest" name="removeItemFromCart" time="0.0">
    <ignored/>
  </testcase> <!-- removeItemFromCart -->
  <testcase classname="testlayer.ShoppingCartTest" name="applyInvalidCoupon" time="0.0">
    <ignored/>
  </testcase> <!-- applyInvalidCoupon -->
</testsuite> <!-- Default test -->
